<?xml version="1.0" encoding="UTF-8"?>
<testsuite xmlns:xsi="http://www.w3.org/2001/XMLSchema-instance" xsi:noNamespaceSchemaLocation="https://maven.apache.org/surefire/maven-surefire-plugin/xsd/surefire-test-report.xsd" version="3.0.2" name="es.udc.ws.app.test.model.appservice.AppServiceTest" time="0.239" tests="14" errors="0" skipped="0" failures="0">
  <properties>
[...]
</properties>
  <testcase name="testHashCodeConCamposNulos" classname="es.udc.ws.app.test.model.appservice.AppServiceTest" time="0.005">
    <system-out><![CDATA[[DEBUG] --> SurveyService creado con DataSource = es.udc.ws.util.sql.SimpleDataSource@4f290f46
[DEBUG] --> DataSource y SurveyService inicializados correctamente.
]]></system-out>
  </testcase>
  <testcase name="testBuscarEncuestas" classname="es.udc.ws.app.test.model.appservice.AppServiceTest" time="0.108">
    <system-out><![CDATA[[DEBUG] --> Creando encuesta de prueba: ¿Te gusta el café?
[DEBUG] --> Entrando en Jdbc3CcSqlEncuestaDao.create()
[DEBUG] --> Pregunta: ¿Te gusta el café?
[DEBUG] --> Fecha creación: 2025-11-06T18:57:46
[DEBUG] --> Fecha fin: 2025-11-16T18:57:46
[DEBUG] --> Inserción ejecutada, filas afectadas: 1
[DEBUG] --> Encuesta creada con ID generado = 1
[DEBUG] --> Encuesta final creada: es.udc.ws.app.model.encuesta.Encuesta@7a71c31c
[DEBUG] --> Encuesta creada con ID: 1
[DEBUG] --> Encuesta creada con ID: 1
[DEBUG] --> Creando encuesta de prueba: ¿Te gusta el té?
[DEBUG] --> Entrando en Jdbc3CcSqlEncuestaDao.create()
[DEBUG] --> Pregunta: ¿Te gusta el té?
[DEBUG] --> Fecha creación: 2025-11-06T18:57:46
[DEBUG] --> Fecha fin: 2025-11-11T18:57:46
[DEBUG] --> Inserción ejecutada, filas afectadas: 1
[DEBUG] --> Encuesta creada con ID generado = 2
[DEBUG] --> Encuesta final creada: es.udc.ws.app.model.encuesta.Encuesta@1190337a
[DEBUG] --> Encuesta creada con ID: 2
[DEBUG] --> Encuesta creada con ID: 2
[DEBUG] --> Creando encuesta de prueba: ¿Te gusta el café con leche?
[DEBUG] --> Entrando en Jdbc3CcSqlEncuestaDao.create()
[DEBUG] --> Pregunta: ¿Te gusta el café con leche?
[DEBUG] --> Fecha creación: 2025-11-06T18:57:46
[DEBUG] --> Fecha fin: 2025-11-05T18:57:46
[DEBUG] --> Inserción ejecutada, filas afectadas: 1
[DEBUG] --> Encuesta creada con ID generado = 3
[DEBUG] --> Encuesta final creada: es.udc.ws.app.model.encuesta.Encuesta@8cbdb0fa
[DEBUG] --> Encuesta creada con ID: 3
[DEBUG] --> Encuesta creada con ID: 3
[DEBUG] --> Encuestas encontradas con palabra 'café': 1
[DEBUG] --> Total encuestas activas encontradas: 2
]]></system-out>
  </testcase>
  <testcase name="testResponderEncuestaInvalida" classname="es.udc.ws.app.test.model.appservice.AppServiceTest" time="0.023">
    <system-out><![CDATA[[DEBUG] --> Creando encuesta de prueba: ¿Te gusta programar?
[DEBUG] --> Entrando en Jdbc3CcSqlEncuestaDao.create()
[DEBUG] --> Pregunta: ¿Te gusta programar?
[DEBUG] --> Fecha creación: 2025-11-06T18:57:46
[DEBUG] --> Fecha fin: 2025-11-08T18:57:46
[DEBUG] --> Inserción ejecutada, filas afectadas: 1
[DEBUG] --> Encuesta creada con ID generado = 4
[DEBUG] --> Encuesta final creada: es.udc.ws.app.model.encuesta.Encuesta@17b048c2
[DEBUG] --> Encuesta creada con ID: 4
[DEBUG] --> Encuesta creada con ID: 4
[DEBUG] --> No se encontró encuesta con ID: -1
[DEBUG] --> Creando encuesta de prueba: ¿Encuesta expirada?
[DEBUG] --> Entrando en Jdbc3CcSqlEncuestaDao.create()
[DEBUG] --> Pregunta: ¿Encuesta expirada?
[DEBUG] --> Fecha creación: 2025-11-06T18:57:46
[DEBUG] --> Fecha fin: 2025-11-05T18:57:46
[DEBUG] --> Inserción ejecutada, filas afectadas: 1
[DEBUG] --> Encuesta creada con ID generado = 5
[DEBUG] --> Encuesta final creada: es.udc.ws.app.model.encuesta.Encuesta@9d1871ba
[DEBUG] --> Encuesta creada con ID: 5
[DEBUG] --> Encuesta creada con ID: 5
[DEBUG] --> Encuesta recuperada correctamente: es.udc.ws.app.model.encuesta.Encuesta@9d1871ba
[DEBUG] --> Encuesta recuperada correctamente: es.udc.ws.app.model.encuesta.Encuesta@17b048c2
[DEBUG] --> Encuesta actualizada, filas afectadas: 1
[DEBUG] --> Encuesta recuperada correctamente: es.udc.ws.app.model.encuesta.Encuesta@17b048bc
]]></system-out>
  </testcase>
  <testcase name="testBuscarEncuestaPorId" classname="es.udc.ws.app.test.model.appservice.AppServiceTest" time="0.008">
    <system-out><![CDATA[[DEBUG] --> Creando encuesta de prueba: Pregunta para buscar
[DEBUG] --> Entrando en Jdbc3CcSqlEncuestaDao.create()
[DEBUG] --> Pregunta: Pregunta para buscar
[DEBUG] --> Fecha creación: 2025-11-06T18:57:46
[DEBUG] --> Fecha fin: 2025-11-06T19:57:46
[DEBUG] --> Inserción ejecutada, filas afectadas: 1
[DEBUG] --> Encuesta creada con ID generado = 6
[DEBUG] --> Encuesta final creada: es.udc.ws.app.model.encuesta.Encuesta@3219972
[DEBUG] --> Encuesta creada con ID: 6
[DEBUG] --> Encuesta creada con ID: 6
[DEBUG] --> Encuesta recuperada correctamente: es.udc.ws.app.model.encuesta.Encuesta@3219972
[DEBUG] --> Buscando encuesta con ID: 6
[DEBUG] --> Encuesta encontrada: es.udc.ws.app.model.encuesta.Encuesta@3219972
[DEBUG] --> No se encontró encuesta con ID: 1005
]]></system-out>
  </testcase>
  <testcase name="testBuscarEncuestasNoIncluyeCanceladasNiExpiradas" classname="es.udc.ws.app.test.model.appservice.AppServiceTest" time="0.016">
    <system-out><![CDATA[[DEBUG] --> Creando encuesta de prueba: Activa
[DEBUG] --> Entrando en Jdbc3CcSqlEncuestaDao.create()
[DEBUG] --> Pregunta: Activa
[DEBUG] --> Fecha creación: 2025-11-06T18:57:46
[DEBUG] --> Fecha fin: 2025-11-09T18:57:46
[DEBUG] --> Inserción ejecutada, filas afectadas: 1
[DEBUG] --> Encuesta creada con ID generado = 7
[DEBUG] --> Encuesta final creada: es.udc.ws.app.model.encuesta.Encuesta@8416822a
[DEBUG] --> Encuesta creada con ID: 7
[DEBUG] --> Encuesta creada con ID: 7
[DEBUG] --> Creando encuesta de prueba: Cancelada
[DEBUG] --> Entrando en Jdbc3CcSqlEncuestaDao.create()
[DEBUG] --> Pregunta: Cancelada
[DEBUG] --> Fecha creación: 2025-11-06T18:57:46
[DEBUG] --> Fecha fin: 2025-11-09T18:57:46
[DEBUG] --> Inserción ejecutada, filas afectadas: 1
[DEBUG] --> Encuesta creada con ID generado = 8
[DEBUG] --> Encuesta final creada: es.udc.ws.app.model.encuesta.Encuesta@99989e09
[DEBUG] --> Encuesta creada con ID: 8
[DEBUG] --> Encuesta creada con ID: 8
[DEBUG] --> Creando encuesta de prueba: Expirada
[DEBUG] --> Entrando en Jdbc3CcSqlEncuestaDao.create()
[DEBUG] --> Pregunta: Expirada
[DEBUG] --> Fecha creación: 2025-11-06T18:57:46
[DEBUG] --> Fecha fin: 2025-11-05T18:57:46
[DEBUG] --> Inserción ejecutada, filas afectadas: 1
[DEBUG] --> Encuesta creada con ID generado = 9
[DEBUG] --> Encuesta final creada: es.udc.ws.app.model.encuesta.Encuesta@c266d222
[DEBUG] --> Encuesta creada con ID: 9
[DEBUG] --> Encuesta creada con ID: 9
[DEBUG] --> Encuesta recuperada correctamente: es.udc.ws.app.model.encuesta.Encuesta@99989e09
[DEBUG] --> Encuesta actualizada, filas afectadas: 1
[DEBUG] --> Encuestas activas encontradas (filtro): 6
]]></system-out>
  </testcase>
  <testcase name="testCrearEncuestaBasico" classname="es.udc.ws.app.test.model.appservice.AppServiceTest" time="0.006">
    <system-out><![CDATA[[DEBUG] --> Creando encuesta de prueba: Pregunta de prueba básica
[DEBUG] --> Entrando en Jdbc3CcSqlEncuestaDao.create()
[DEBUG] --> Pregunta: Pregunta de prueba básica
[DEBUG] --> Fecha creación: 2025-11-06T18:57:46
[DEBUG] --> Fecha fin: 2025-11-16T18:57:46
[DEBUG] --> Inserción ejecutada, filas afectadas: 1
[DEBUG] --> Encuesta creada con ID generado = 10
[DEBUG] --> Encuesta final creada: es.udc.ws.app.model.encuesta.Encuesta@c748198f
[DEBUG] --> Encuesta creada con ID: 10
[DEBUG] --> Encuesta creada con ID: 10
[DEBUG] --> Encuesta recuperada correctamente: es.udc.ws.app.model.encuesta.Encuesta@c748198f
[DEBUG] --> Encuesta creada: es.udc.ws.app.model.encuesta.Encuesta@c748198f
[DEBUG] --> Encuesta recuperada de BD: es.udc.ws.app.model.encuesta.Encuesta@c748198f
]]></system-out>
  </testcase>
  <testcase name="testEncuestaExpirada" classname="es.udc.ws.app.test.model.appservice.AppServiceTest" time="0.007">
    <system-out><![CDATA[[DEBUG] --> Creando encuesta de prueba: ¿Encuesta expirada?
[DEBUG] --> Entrando en Jdbc3CcSqlEncuestaDao.create()
[DEBUG] --> Pregunta: ¿Encuesta expirada?
[DEBUG] --> Fecha creación: 2025-11-06T18:57:46
[DEBUG] --> Fecha fin: 2025-11-06T17:57:46
[DEBUG] --> Inserción ejecutada, filas afectadas: 1
[DEBUG] --> Encuesta creada con ID generado = 11
[DEBUG] --> Encuesta final creada: es.udc.ws.app.model.encuesta.Encuesta@dedbc71d
[DEBUG] --> Encuesta creada con ID: 11
[DEBUG] --> Encuesta creada con ID: 11
[DEBUG] --> Encuesta recuperada correctamente: es.udc.ws.app.model.encuesta.Encuesta@dedbc71d
]]></system-out>
  </testcase>
  <testcase name="testCrearEncuestaFechaExpirada" classname="es.udc.ws.app.test.model.appservice.AppServiceTest" time="0.001"/>
  <testcase name="testResponderEncuesta" classname="es.udc.ws.app.test.model.appservice.AppServiceTest" time="0.008">
    <system-out><![CDATA[[DEBUG] --> Creando encuesta de prueba: ¿Te gusta el café?
[DEBUG] --> Entrando en Jdbc3CcSqlEncuestaDao.create()
[DEBUG] --> Pregunta: ¿Te gusta el café?
[DEBUG] --> Fecha creación: 2025-11-06T18:57:46
[DEBUG] --> Fecha fin: 2025-11-08T18:57:46
[DEBUG] --> Inserción ejecutada, filas afectadas: 1
[DEBUG] --> Encuesta creada con ID generado = 12
[DEBUG] --> Encuesta final creada: es.udc.ws.app.model.encuesta.Encuesta@c06137cf
[DEBUG] --> Encuesta creada con ID: 12
[DEBUG] --> Encuesta creada con ID: 12
[DEBUG] --> Encuesta recuperada correctamente: es.udc.ws.app.model.encuesta.Encuesta@c06137cf
[DEBUG] --> Encuesta actualizada, filas afectadas: 1
[DEBUG] --> Respuesta creada: es.udc.ws.app.model.respuesta.Respuesta@ddd4fd72
]]></system-out>
  </testcase>
  <testcase name="testRespuestaModelCoverage" classname="es.udc.ws.app.test.model.appservice.AppServiceTest" time="0.001"/>
  <testcase name="testCambiarRespuestaEncuesta" classname="es.udc.ws.app.test.model.appservice.AppServiceTest" time="0.013">
    <system-out><![CDATA[[DEBUG] --> Creando encuesta de prueba: ¿Te gusta Java?
[DEBUG] --> Entrando en Jdbc3CcSqlEncuestaDao.create()
[DEBUG] --> Pregunta: ¿Te gusta Java?
[DEBUG] --> Fecha creación: 2025-11-06T18:57:46
[DEBUG] --> Fecha fin: 2025-11-11T18:57:46
[DEBUG] --> Inserción ejecutada, filas afectadas: 1
[DEBUG] --> Encuesta creada con ID generado = 13
[DEBUG] --> Encuesta final creada: es.udc.ws.app.model.encuesta.Encuesta@a1004bb5
[DEBUG] --> Encuesta creada con ID: 13
[DEBUG] --> Encuesta creada con ID: 13
[DEBUG] --> Encuesta recuperada correctamente: es.udc.ws.app.model.encuesta.Encuesta@a1004bb5
[DEBUG] --> Encuesta actualizada, filas afectadas: 1
[DEBUG] --> Encuesta recuperada correctamente: es.udc.ws.app.model.encuesta.Encuesta@a1004f76
[DEBUG] --> Encuesta actualizada, filas afectadas: 1
[DEBUG] --> Encuesta recuperada correctamente: es.udc.ws.app.model.encuesta.Encuesta@a1004bd4
]]></system-out>
  </testcase>
  <testcase name="testEncuestaCancelada" classname="es.udc.ws.app.test.model.appservice.AppServiceTest" time="0.01">
    <system-out><![CDATA[[DEBUG] --> Creando encuesta de prueba: ¿Encuesta cancelable?
[DEBUG] --> Entrando en Jdbc3CcSqlEncuestaDao.create()
[DEBUG] --> Pregunta: ¿Encuesta cancelable?
[DEBUG] --> Fecha creación: 2025-11-06T18:57:46
[DEBUG] --> Fecha fin: 2025-11-08T18:57:46
[DEBUG] --> Inserción ejecutada, filas afectadas: 1
[DEBUG] --> Encuesta creada con ID generado = 14
[DEBUG] --> Encuesta final creada: es.udc.ws.app.model.encuesta.Encuesta@f73ce354
[DEBUG] --> Encuesta creada con ID: 14
[DEBUG] --> Encuesta creada con ID: 14
[DEBUG] --> Encuesta recuperada correctamente: es.udc.ws.app.model.encuesta.Encuesta@f73ce354
[DEBUG] --> Encuesta actualizada, filas afectadas: 1
[DEBUG] --> Encuesta recuperada correctamente: es.udc.ws.app.model.encuesta.Encuesta@f73ce34e
[DEBUG] --> Encuesta recuperada correctamente: es.udc.ws.app.model.encuesta.Encuesta@f73ce34e
]]></system-out>
  </testcase>
  <testcase name="testAbstractSqlEncuestaDaoCoverage" classname="es.udc.ws.app.test.model.appservice.AppServiceTest" time="0.013">
    <system-out><![CDATA[[DEBUG] --> Entrando en Jdbc3CcSqlEncuestaDao.create()
[DEBUG] --> Pregunta: Encuesta DAO
[DEBUG] --> Fecha creación: 2025-11-06T18:57:46
[DEBUG] --> Fecha fin: 2025-11-08T18:57:46.538237
[DEBUG] --> Inserción ejecutada, filas afectadas: 1
[DEBUG] --> Encuesta creada con ID generado = 15
[DEBUG] --> Encuesta final creada: es.udc.ws.app.model.encuesta.Encuesta@74778a95
[DEBUG] --> Encuesta recuperada correctamente: es.udc.ws.app.model.encuesta.Encuesta@f70cf34d
[DEBUG] --> No se encontró encuesta con ID: -999
[DEBUG] --> Encuesta actualizada, filas afectadas: 1
[DEBUG] --> Encuesta recuperada correctamente: es.udc.ws.app.model.encuesta.Encuesta@6dd4af18
[DEBUG] --> Encuesta actualizada, filas afectadas: 0
[DEBUG] --> Encuesta eliminada, filas afectadas: 1
[DEBUG] --> No se encontró encuesta con ID: 15
[DEBUG] --> Encuesta eliminada, filas afectadas: 0
]]></system-out>
  </testcase>
  <testcase name="testEncuestaModelCoverage" classname="es.udc.ws.app.test.model.appservice.AppServiceTest" time="0.001"/>
</testsuite>